[IMPORT] 20171208 13:59:14 - Received Test^Test from ANY-SCP -> DCMSEND
[IMPORT] 20171208 13:59:14 - Ran module TEST.php
[IMPORT] 20171208 13:59:14 - Array
(
    [name] => Test^Test
    [firstname] => Test
    [lastname] => Test
    [id] => 345345
    [appt_date] => 2011-03-10
    [day] => 10
    [month] => 03
    [year] => 2011
    [dob] => 19800301
    [study_uid] => 1.2.826.0.1.3680043.2.1074.90089.10003.100.19318.3121114637
    [study_desc] => 
    [accession] => demofry80666
    [history] => Patient's State: HI
    [institution] => Demo, HI
    [series_number] => 1001
    [instance_number] => 1
    [sop_instance] => 1.2.826.0.1.3680043.2.1074.90089.1.71.10001008.1
    [transfer_syntax] => JPEGBaseline
    [body_part_examined] => 
    [image_date] => 2017-12-08 13:59:14
    [image_time] => 
    [modality] => CR
)

[IMPORT] 20171208 13:59:14 - Created D:/xampp1/htdocs/PACS_Tutorial/part1/received_images/DCMSEND/2017-12-08/1.2.826.0.1.3680043.2.1074.90089.10003.100.19318.3121114637
[IMPORT] 20171208 13:59:14 - Moved image to D:/xampp1/htdocs/PACS_Tutorial/part1/received_images/DCMSEND/2017-12-08/1.2.826.0.1.3680043.2.1074.90089.10003.100.19318.3121114637/CR.1.2.826.0.1.3680043.2.1074.90089.1.71.10001008.1.dcm
[IMPORT] 20171208 13:59:14 - SELECT seq FROM studies WHERE study_uid = '1.2.826.0.1.3680043.2.1074.90089.10003.100.19318.3121114637' AND accession = 'demofry80666' AND id = '345345' AND lastname = 'Test' ORDER by seq DESC LIMIT 1
[IMPORT] 20171208 13:59:14 - Creating thumbnail
[IMPORT] 20171208 13:59:18 - Thumbnail created
[IMPORT] 20171208 13:59:18 - Successfully imported CR.1.2.826.0.1.3680043.2.1074.90089.1.71.10001008.1.
[IMPORT] 20171208 17:34:13 - 2017-12-08 17:34:13 收到 tbd 从 ANY-SCP 到 DCMSEND
[IMPORT] 20171208 17:34:13 - 创建文件夹：D:/1970-01-01/tbd
[IMPORT] 20171208 17:34:13 - 保存文件到 D:/1970-01-01/tbd/CR.1.2.826.0.1.3680043.2.1074.90089.1.71.10001008.1.dcm
[IMPORT] 20171208 17:37:44 - 2017-12-08 17:37:44 收到 tbd 从 ANY-SCP 到 DCMSEND
[IMPORT] 20171208 17:37:44 - 保存文件到 D:/1970-01-01/tbd/DX.1.2.840.2007030509.20171205135303.4.dcm
[IMPORT] 20171208 17:38:50 - 2017-12-08 17:38:50 收到 tbd 从 ANY-SCP 到 DCMSEND
[IMPORT] 20171208 17:38:50 - D:/1970-01-01/tbd/DX.1.2.840.2007030509.20171205135303.4.dcm 已经存在.
[IMPORT] 20171208 17:42:50 - 2017-12-08 17:42:50 收到 tbd 从 ANY-SCP 到 DCMSEND
[IMPORT] 20171208 17:42:50 - 创建文件夹：D:/0--/tbd
[IMPORT] 20171208 17:42:50 - 保存文件到 D:/0--/tbd/DX.1.2.840.2007030509.20171205135303.4.dcm
[IMPORT] 20171209 2:38:55 - 2017-12-09 02:38:55 收到 tbd 从 ANY-SCP 到 DCMSEND
[IMPORT] 20171209 2:38:55 - 保存文件到 D:/0--/tbd/DX.1.2.840.2007030509.20171205135348.4.dcm
[IMPORT] 20171209 2:45:00 - 2017-12-09 02:45:00 收到 DX.1.2.840.2007030509.20171205135348.4 从 ANY-SCP 到 DCMSEND
[IMPORT] 20171209 2:45:00 - D:/0--/tbd/DX.1.2.840.2007030509.20171205135348.4.dcm 已经存在.
[IMPORT] 20171209 2:47:19 - 2017-12-09 02:47:19 收到 DX.1.2.840.2007030509.20171205135348.4 从 ANY-SCP 到 MYPC1
[IMPORT] 20171209 2:47:19 - D:/0--/tbd/DX.1.2.840.2007030509.20171205135348.4.dcm 已经存在.
[IMPORT] 20171209 2:50:51 - 2017-12-09 02:50:51 收到 DX.1.2.840.2007030509.20171205135348.4 从 ANY-SCP 到 MYPC1
[IMPORT] 20171209 2:50:51 - D:/0--/tbd/DX.1.2.840.2007030509.20171205135348.4.dcm 已经存在.
[IMPORT] 20171209 2:51:51 - 2017-12-09 02:51:51 收到 DX.1.2.840.2007030509.20171205135348.4 从 ANY-SCP 到 MYPC1
[IMPORT] 20171209 2:51:51 - D:/0--/tbd/DX.1.2.840.2007030509.20171205135348.4.dcm 已经存在.
[IMPORT] 2017-12-09 2:58:28 - 收到 DX.1.2.840.2007030509.20171205135348.4 从 ANY-SCP 到 MYPC1
[IMPORT] 2017-12-09 2:58:28 - D:/0--/tbd/DX.1.2.840.2007030509.20171205135348.4.dcm 已经存在.
[IMPORT] 2017-12-09 3:04:25 - 收到 DX.1.2.840.2007030509.20171205135348.4 从 ANY-SCP 到 MYPC1
[IMPORT] 2017-12-09 3:04:25 - D:/0--/tbd/DX.1.2.840.2007030509.20171205135348.4.dcm 已经存在.
[IMPORT] 2017-12-09 3:07:12 - 收到 DX.1.2.840.2007030509.20171205135348.4 从 ANY-SCP 到 MYPC1
[IMPORT] 2017-12-09 3:07:12 - 保存文件到 D:/0--/tbd/DX.1.2.840.2007030509.20171205135348.4.dcm
[IMPORT] 2017-12-09 3:09:34 - 收到 DX.1.2.840.2007030509.20171205135348.4 从 ANY-SCP 到 MYPC1
[IMPORT] 2017-12-09 3:09:34 - D:/0--/tbd/DX.1.2.840.2007030509.20171205135348.4.dcm 已经存在.
[IMPORT] 2017-12-09 3:11:34 - 收到 DX.1.2.840.2007030509.20171205135348.4 从 ANY-SCP 到 MYPC1
[IMPORT] 2017-12-09 3:11:34 - D:/0--/tbd/DX.1.2.840.2007030509.20171205135348.4.dcm 已经存在.
[IMPORT] 2017-12-09 3:23:01 - 收到 DX.1.2.840.2007030509.20171205135348.4 从 ANY-SCP 到 MYPC1
[IMPORT] 2017-12-09 3:23:01 - D:/0--/tbd/DX.1.2.840.2007030509.20171205135348.4.dcm 已经存在.
[IMPORT] 2017-12-09 3:32:34 - 收到 D:/xampp1/htdocs/dicom/storescp/temp/DX.1.2.840.2007030509.20171205135348.4 从 ANY-SCP 到 MYPC1
[IMPORT] 2017-12-09 3:32:34 - D:/0--/tbd/DX.1.2.840.2007030509.20171205135348.4.dcm 已经存在.
[IMPORT] 2017-12-09 3:37:58 - 收到 D:/xampp1/htdocs/dicom/storescp/temp/DX.1.2.840.2007030509.20171205135348.4 从 ANY-SCP 到 MYPC1
[IMPORT] 2017-12-09 3:37:58 - D:/0--/tbd/DX.1.2.840.2007030509.20171205135348.4.dcm 已经存在.
[IMPORT] 2017-12-09 3:38:22 - 收到 D:/xampp1/htdocs/dicom/storescp/temp/DX.1.2.840.2007030509.20171205135348.4 从 ANY-SCP 到 MYPC1
[IMPORT] 2017-12-09 3:38:22 - 创建文件夹：D:/0--/李维君
[IMPORT] 2017-12-09 3:38:22 - 保存文件到 D:/0--/李维君/DX.1.2.840.2007030509.20171205135348.4.dcm

[IMPORT] 2017-12-09 3:41:05 - 收到 D:/xampp1/htdocs/dicom/storescp/temp/DX.1.2.840.2007030509.20171205135348.4 从 ANY-SCP 到 MYPC1

[IMPORT] 2017-12-09 3:41:05 - 创建文件夹：D:/2017-12-05/李维君

[IMPORT] 2017-12-09 3:41:05 - 保存文件到 D:/2017-12-05/李维君/DX.1.2.840.2007030509.20171205135348.4.dcm

[IMPORT] 2017-12-09 3:42:42 - 收到 D:/xampp1/htdocs/dicom/storescp/temp/DX.1.2.840.2007030509.20171205135348.4 从 ANY-SCP 到 MYPC1

[IMPORT] 2017-12-09 3:42:42 - 创建文件夹：D:/2017-12-05/李维君

[IMPORT] 2017-12-09 3:42:42 - 保存文件到 D:/2017-12-05/李维君/DX.1.2.840.2007030509.20171205135348.4.dcm

[IMPORT] 2017-12-09 3:46:19 - 收到 D:/xampp1/htdocs/dicom/storescp/temp/DX.1.2.840.2007030509.20171205135348.4 从 ANY-SCP 到 MYPC1

[IMPORT] 2017-12-09 3:46:19 - 创建文件夹：D:/2017-12-05/李维君

[IMPORT] 2017-12-09 3:46:19 - 保存文件到 D:/2017-12-05/李维君/DX.1.2.840.2007030509.20171205135348.4.dcm

[IMPORT] 2017-12-09 3:48:22 - 收到 D:/xampp1/htdocs/dicom/storescp/temp/DX.1.2.840.2007030509.20171205135348.4 从 ANY-SCP 到 MYPC1

[IMPORT] 2017-12-09 3:48:22 - 创建文件夹：D:/2017-12-05/李维君

[IMPORT] 2017-12-09 3:48:22 - 保存文件到 D:/2017-12-05/李维君/DX.1.2.840.2007030509.20171205135348.4.dcm

[IMPORT] 2017-12-09 3:50:01 - 收到 D:/xampp1/htdocs/dicom/storescp/temp/DX.1.2.840.2007030509.20171205135348.4 从 ANY-SCP 到 MYPC1

[IMPORT] 2017-12-09 3:50:01 - 创建文件夹：D:/2017-12-05/李维君

[IMPORT] 2017-12-09 3:50:01 - 保存文件到 D:/2017-12-05/李维君/DX.1.2.840.2007030509.20171205135348.4.dcm

[IMPORT] 2017-12-09 3:51:29 - 收到 D:/xampp1/htdocs/dicom/storescp/temp/DX.1.2.840.2007030509.20171205135348.4 从 ANY-SCP 到 MYPC1

[IMPORT] 2017-12-09 3:51:29 - 创建文件夹：D:/2017-12-05/李维君

[IMPORT] 2017-12-09 3:51:29 - 保存文件到 D:/2017-12-05/李维君/DX.1.2.840.2007030509.20171205135348.4.dcm

[IMPORT] 2017-12-09 3:51:58 - 收到 D:/xampp1/htdocs/dicom/storescp/temp/DX.1.2.840.2007030509.20171205135348.4 从 ANY-SCP 到 MYPC1

[IMPORT] 2017-12-09 3:51:58 - 创建文件夹：D:/2017-12-05/李维君

[IMPORT] 2017-12-09 3:51:58 - 保存文件到 D:/2017-12-05/李维君/DX.1.2.840.2007030509.20171205135348.4.dcm

[IMPORT] 2017-12-09 3:53:47 - 收到 D:/xampp1/htdocs/dicom/storescp/temp/DX.1.2.840.2007030509.20171205135348.4 从 ANY-SCP 到 MYPC1

[IMPORT] 2017-12-09 3:53:47 - 创建文件夹：D:/2017-12-05/李维君

[IMPORT] 2017-12-09 3:53:47 - 保存文件到 D:/2017-12-05/李维君/DX.1.2.840.2007030509.20171205135348.4.dcm

[IMPORT] 2017-12-09 3:58:17 - 收到 D:/xampp1/htdocs/dicom/storescp/temp/DX.1.2.840.2007030509.20171205135348.4 从 ANY-SCP 到 MYPC1

[IMPORT] 2017-12-09 3:58:17 - 创建文件夹：D:/2017-12-05/李维君

[IMPORT] 2017-12-09 3:58:17 - 保存文件到 D:/2017-12-05/李维君/DX.1.2.840.2007030509.20171205135348.4.dcm

[IMPORT] 2017-12-09 4:02:43 - 收到 D:/xampp1/htdocs/dicom/storescp/temp/DX.1.2.840.2007030509.20171205135348.4 从 ANY-SCP 到 MYPC1

[IMPORT] 2017-12-09 4:02:43 - 创建文件夹：D:/2017-12-05/李维君

[IMPORT] 2017-12-09 4:02:43 - 保存文件到 D:/2017-12-05/李维君/DX.1.2.840.2007030509.20171205135348.4.dcm

[IMPORT] 2017-12-09 4:05:59 - 收到 D:/xampp1/htdocs/dicom/storescp/temp/DX.1.2.840.2007030509.20171205135348.4 从 ANY-SCP 到 MYPC1

[IMPORT] 2017-12-09 4:05:59 - 创建文件夹：D:/2017-12-05/李维君

[IMPORT] 2017-12-09 4:05:59 - 保存文件到 D:/2017-12-05/李维君/DX.1.2.840.2007030509.20171205135348.4.dcm

[IMPORT] 2017-12-09 4:07:54 - 收到 D:/xampp1/htdocs/dicom/storescp/temp/DX.1.2.840.2007030509.20171205135348.4 从 ANY-SCP 到 MYPC1

[IMPORT] 2017-12-09 4:07:54 - 创建文件夹：D:/2017-12-05/ά

[IMPORT] 2017-12-09 4:07:54 - 保存文件到 D:/2017-12-05/ά/DX.1.2.840.2007030509.20171205135348.4.dcm

[IMPORT] 2017-12-09 4:08:59 - 收到 D:/xampp1/htdocs/dicom/storescp/temp/DX.1.2.840.2007030509.20171205135348.4 从 ANY-SCP 到 MYPC1

[IMPORT] 2017-12-09 4:08:59 - 保存文件到 D:/2017-12-05/ά/DX.1.2.840.2007030509.20171205135348.4.dcm

[IMPORT] 2017-12-09 4:19:23 - 收到 D:/xampp1/htdocs/dicom/storescp/temp/DX.1.2.840.2007030509.20171205135348.4 从 ANY-SCP 到 MYPC1

[IMPORT] 2017-12-09 4:19:23 - 保存文件到 D:/2017-12-05/ά/DX.1.2.840.2007030509.20171205135348.4.dcm

[IMPORT] 2017-12-09 4:20:07 - 收到 D:/xampp1/htdocs/dicom/storescp/temp/DX.1.2.840.2007030509.20171205135348.4 从 ANY-SCP 到 MYPC1

[IMPORT] 2017-12-09 4:20:07 - 保存文件到 D:/2017-12-05/ά/DX.1.2.840.2007030509.20171205135348.4.dcm

[IMPORT] 2017-12-09 4:20:07 - 数据库已存在这个文件.

[IMPORT] 2017-12-09 4:28:36 - 收到 D:/xampp1/htdocs/dicom/storescp/temp/DX.1.2.840.2007030509.20171205135348.4 从 ANY-SCP 到 MYPC1

[IMPORT] 2017-12-09 4:28:36 - 保存文件到 D:/2017-12-05/李维君/李维君-DX.1.2.840.2007030509.20171205135348.4.dcm

[IMPORT] 2017-12-09 4:29:35 - 收到 D:/xampp1/htdocs/dicom/storescp/temp/RD.1.9.999.999.99.9.9999.9999.20030818153516 从 ANY-SCP 到 MYPC1

[IMPORT] 2017-12-09 4:29:35 - 创建文件夹：D:/2003-08-05/Lastname^Firstname

[IMPORT] 2017-12-09 4:29:35 - 保存文件到 D:/2003-08-05/Lastname^Firstname/Lastname^Firstname-RD.1.9.999.999.99.9.9999.9999.20030818153516.dcm

[IMPORT] 2017-12-09 4:30:42 - 收到 D:/xampp1/htdocs/dicom/storescp/temp/SRc.1.2.276.0.7230010.3.1.4.2139363186.7819.982086466.4 从 ANY-SCP 到 MYPC1

[IMPORT] 2017-12-09 4:30:42 - 创建文件夹：D:/0--/Test^S R

[IMPORT] 2017-12-09 4:30:42 - 保存文件到 D:/0--/Test^S R/Test^S R-SRc.1.2.276.0.7230010.3.1.4.2139363186.7819.982086466.4.dcm

[IMPORT] 2017-12-09 4:31:46 - 收到 D:/xampp1/htdocs/dicom/storescp/temp/CR.1.2.826.0.1.3680043.2.1074.90089.1.71.10001008.1 从 ANY-SCP 到 MYPC1

[IMPORT] 2017-12-09 4:31:46 - 创建文件夹：D:/2011-03-10/VAUGHAN^DEAN

[IMPORT] 2017-12-09 4:31:46 - 保存文件到 D:/2011-03-10/VAUGHAN^DEAN/VAUGHAN^DEAN-CR.1.2.826.0.1.3680043.2.1074.90089.1.71.10001008.1.dcm

[IMPORT] 2017-12-09 4:33:48 - 收到 D:/xampp1/htdocs/dicom/storescp/temp/CR.1.2.826.0.1.3680043.2.1074.90089.1.71.10001008.1 从 ANY-SCP 到 MYPC1

[IMPORT] 2017-12-09 4:33:48 - 保存文件到 D:/2011-03-10/VAUGHAN^DEAN/VAUGHAN^DEAN-CR.1.2.826.0.1.3680043.2.1074.90089.1.71.10001008.1.dcm

[IMPORT] 2017-12-09 7:16:17 - 收到 D:/xampp1/htdocs/dicom/storescp/temp/CR.1.2.826.0.1.3680043.2.1074.90089.1.71.10001008.1 从 ANY-SCP 到 DCMSEND

[IMPORT] 2017-12-09 7:16:17 - 创建文件夹：../../2011-03-10/Test^Test 

[IMPORT] 2017-12-09 7:16:17 - 保存文件到 ../../2011-03-10/Test^Test /Test^Test -CR.1.2.826.0.1.3680043.2.1074.90089.1.71.10001008.1.dcm

[IMPORT] 2017-12-09 7:18:25 - 收到 D:/xampp1/htdocs/dicom/storescp/temp/CR.1.2.826.0.1.3680043.2.1074.90089.1.71.10001008.1 从 ANY-SCP 到 DCMSEND

[IMPORT] 2017-12-09 7:18:25 - 保存文件到 

[IMPORT] 2017-12-09 7:18:25 - 数据库已存在这个文件.

[IMPORT] 2017-12-09 7:20:42 - 收到 D:/xampp1/htdocs/dicom/storescp/temp/CR.1.2.826.0.1.3680043.2.1074.90089.1.71.10001008.1 从 ANY-SCP 到 DCMSEND

[IMPORT] 2017-12-09 7:20:42 - 创建文件夹：

[IMPORT] 2017-12-09 7:20:42 - 保存文件到 /Test^Test -CR.1.2.826.0.1.3680043.2.1074.90089.1.71.10001008.1.dcm

[IMPORT] 2017-12-09 7:23:13 - 收到 D:/xampp1/htdocs/dicom/storescp/temp/CR.1.2.826.0.1.3680043.2.1074.90089.1.71.10001008.1 从 ANY-SCP 到 DCMSEND

[IMPORT] 2017-12-09 7:23:13 - 创建文件夹：../../2011-03-10/Test^Test 

[IMPORT] 2017-12-09 7:23:13 - 保存文件到 

[IMPORT] 2017-12-09 7:23:13 - 数据库已存在这个文件.

[IMPORT] 2017-12-09 7:24:08 - 收到 D:/xampp1/htdocs/dicom/storescp/temp/DX.1.2.840.2007030509.20171205135303.4 从 ANY-SCP 到 DCMSEND

[IMPORT] 2017-12-09 7:24:08 - 创建文件夹：../../2017-12-05/ά

[IMPORT] 2017-12-09 7:24:08 - 保存文件到 

[IMPORT] 2017-12-09 7:25:59 - 收到 D:/xampp1/htdocs/dicom/storescp/temp/DX.1.2.840.2007030509.20171205135303.4 从 ANY-SCP 到 DCMSEND

[IMPORT] 2017-12-09 7:25:59 - 创建文件夹：../../2017-12-05/ά

[IMPORT] 2017-12-09 7:25:59 - 保存文件到 

[IMPORT] 2017-12-09 7:26:35 - 收到 D:/xampp1/htdocs/dicom/storescp/temp/DX.1.2.840.2007030509.20171205135303.4 从 ANY-SCP 到 DCMSEND

[IMPORT] 2017-12-09 7:26:35 - 创建文件夹：../../2017-12-05/ά

[IMPORT] 2017-12-09 7:26:35 - 保存文件到 

[IMPORT] 2017-12-09 7:26:35 - 数据库已存在这个文件.

[IMPORT] 2017-12-09 7:31:57 - 收到 D:/xampp1/htdocs/dicom/storescp/temp/DX.1.2.840.2007030509.20171205135303.4 从 ANY-SCP 到 DCMSEND

[IMPORT] 2017-12-09 7:31:58 - 创建文件夹：../../2017-12-05/李维君

[IMPORT] 2017-12-09 7:31:58 - 保存文件到 ../../2017-12-05/李维君/李维君-DX.1.2.840.2007030509.20171205135303.4.dcm

[IMPORT] 2017-12-09 7:31:58 - 数据库已存在这个文件.

[IMPORT] 2017-12-09 7:32:17 - 收到 D:/xampp1/htdocs/dicom/storescp/temp/DX.1.2.840.2007030509.20171205135303.4 从 ANY-SCP 到 DCMSEND

[IMPORT] 2017-12-09 7:32:17 - 创建文件夹：../../2017-12-05/李维君

[IMPORT] 2017-12-09 7:32:17 - 保存文件到 ../../2017-12-05/李维君/李维君-DX.1.2.840.2007030509.20171205135303.4.dcm

[IMPORT] 2017-12-09 7:37:12 - 收到 D:/xampp1/htdocs/dicom/storescp/temp/DX.1.2.840.2007030509.20171205135303.4 从 ANY-SCP 到 DCMSEND

[IMPORT] 2017-12-09 7:37:12 - 创建文件夹：D:\xampp1\htdocs\dicom\storescp/../../2017-12-05/李维君

[IMPORT] 2017-12-09 7:37:12 - 保存文件到 D:\xampp1\htdocs\dicom\storescp/../../2017-12-05/李维君/李维君-DX.1.2.840.2007030509.20171205135303.4.dcm

[IMPORT] 2017-12-09 7:37:12 - 数据库已存在这个文件.

[IMPORT] 2017-12-09 7:37:27 - 收到 D:/xampp1/htdocs/dicom/storescp/temp/DX.1.2.840.2007030509.20171205135303.4 从 ANY-SCP 到 DCMSEND

[IMPORT] 2017-12-09 7:37:27 - 创建文件夹：D:\xampp1\htdocs\dicom\storescp/../../2017-12-05/李维君

[IMPORT] 2017-12-09 7:37:27 - 保存文件到 D:\xampp1\htdocs\dicom\storescp/../../2017-12-05/李维君/李维君-DX.1.2.840.2007030509.20171205135303.4.dcm

[IMPORT] 2017-12-09 7:42:06 - 收到 D:/xampp1/htdocs/dicom/storescp/temp/DX.1.2.840.2007030509.20171205135303.4 从 ANY-SCP 到 DCMSEND

[IMPORT] 2017-12-09 7:42:06 - 创建文件夹：/../../2017-12-05/李维君

[IMPORT] 2017-12-09 7:42:06 - 保存文件到 /../../2017-12-05/李维君/李维君-DX.1.2.840.2007030509.20171205135303.4.dcm

[IMPORT] 2017-12-09 7:43:21 - 收到 D:/xampp1/htdocs/dicom/storescp/temp/DX.1.2.840.2007030509.20171205135303.4 从 ANY-SCP 到 DCMSEND

[IMPORT] 2017-12-09 7:43:21 - 创建文件夹：../../2017-12-05/李维君

[IMPORT] 2017-12-09 7:43:21 - 保存文件到 ../../2017-12-05/李维君/李维君-DX.1.2.840.2007030509.20171205135303.4.dcm

[IMPORT] 2017-12-09 7:45:47 - 收到 D:/xampp1/htdocs/dicom/storescp/temp/DX.1.2.840.2007030509.20171205135303.4 从 ANY-SCP 到 DCMSEND

[IMPORT] 2017-12-09 7:45:47 - 创建文件夹：../../2017-12-05/李维君

[IMPORT] 2017-12-09 7:45:47 - 保存文件到 ../../2017-12-05/李维君/李维君-DX.1.2.840.2007030509.20171205135303.4.dcm

[IMPORT] 2017-12-09 7:47:46 - 收到 D:/xampp1/htdocs/dicom/storescp/temp/DX.1.2.840.2007030509.20171205135303.4 从 ANY-SCP 到 DCMSEND

[IMPORT] 2017-12-09 7:47:46 - 创建文件夹：../../2017-12-05/李维君

[IMPORT] 2017-12-09 7:47:46 - 保存文件到 ../../2017-12-05/李维君/李维君-DX.1.2.840.2007030509.20171205135303.4.dcm

[IMPORT] 2017-12-09 7:51:02 - 收到 D:/xampp1/htdocs/dicom/storescp/temp/DX.1.2.840.2007030509.20171205135303.4 从 ANY-SCP 到 DCMSEND

[IMPORT] 2017-12-09 7:51:02 - 创建文件夹：D:\xampp1\htdocs\dicom\storescp../../2017-12-05/李维君

[IMPORT] 2017-12-09 7:51:02 - 保存文件到 D:\xampp1\htdocs\dicom\storescp../../2017-12-05/李维君/李维君-DX.1.2.840.2007030509.20171205135303.4.dcm

[IMPORT] 2017-12-09 7:51:48 - 收到 D:/xampp1/htdocs/dicom/storescp/temp/DX.1.2.840.2007030509.20171205135303.4 从 ANY-SCP 到 DCMSEND

[IMPORT] 2017-12-09 7:51:48 - 创建文件夹：D:\xampp1\htdocs\dicom\storescp/../../2017-12-05/李维君

[IMPORT] 2017-12-09 7:51:48 - 保存文件到 D:\xampp1\htdocs\dicom\storescp/../../2017-12-05/李维君/李维君-DX.1.2.840.2007030509.20171205135303.4.dcm

[IMPORT] 2017-12-09 7:53:44 - 收到 D:/xampp1/htdocs/dicom/storescp/temp/DX.1.2.840.2007030509.20171205135303.4 从 ANY-SCP 到 DCMSEND

[IMPORT] 2017-12-09 7:53:44 - 创建文件夹：D:\xampp1\htdocs\dicom\storescp/../../2017-12-05/李维君

[IMPORT] 2017-12-09 7:53:44 - 保存文件到 D:\xampp1\htdocs\dicom\storescp/../../2017-12-05/李维君/李维君-DX.1.2.840.2007030509.20171205135303.4.dcm

[IMPORT] 2017-12-09 7:55:13 - 收到 D:/xampp1/htdocs/dicom/storescp/temp/DX.1.2.840.2007030509.20171205135303.4 从 ANY-SCP 到 DCMSEND

[IMPORT] 2017-12-09 7:55:13 - 创建文件夹：D:\xampp1\htdocs\dicom\storescp/../../2017-12-05/李维君

[IMPORT] 2017-12-09 7:55:13 - 保存文件到 D:/xampp1/htdocs/dicom/storescp/../../2017-12-05/李维君/李维君-DX.1.2.840.2007030509.20171205135303.4.dcm

[IMPORT] 2017-12-09 7:59:49 - 收到 D:/xampp1/htdocs/dicom/storescp/temp/DX.1.2.840.2007030509.20171205135303.4 从 ANY-SCP 到 DCMSEND

[IMPORT] 2017-12-09 7:59:49 - 创建文件夹：D:/xampp1/htdocs/dicom/storescp/../../2017-12-05/李维君

[IMPORT] 2017-12-09 7:59:49 - 保存文件到 D:/xampp1/htdocs/dicom/storescp/../../2017-12-05/李维君/李维君-DX.1.2.840.2007030509.20171205135303.4.dcm

[IMPORT] 2017-12-09 8:04:04 - 收到 D:/xampp1/htdocs/dicom/storescp/temp/DX.1.2.840.2007030509.20171205135303.4 从 ANY-SCP 到 DCMSEND

[IMPORT] 2017-12-09 8:04:04 - 创建文件夹：D:/xampp1/htdocs/dicom/storescp/../../2017-12-05/李维君

[IMPORT] 2017-12-09 8:04:04 - 保存文件到 D:\xampp1\htdocs\2017-12-05\李维君\李维君-DX.1.2.840.2007030509.20171205135303.4.dcm

[IMPORT] 2017-12-09 8:15:33 - 收到 D:/xampp1/htdocs/dicom/storescp/temp/DX.1.2.840.2007030509.20171205135303.4 从 ANY-SCP 到 DCMSEND

[IMPORT] 2017-12-09 8:15:33 - 创建文件夹：D:/xampp1/htdocs/dicom/storescp/../../2017-12-05/李维君

[IMPORT] 2017-12-09 8:15:33 - 保存文件到 D:\xampp1\htdocs\2017-12-05\李维君\李维君-DX.1.2.840.2007030509.20171205135303.4.dcm

[IMPORT] 2017-12-09 8:24:10 - 收到 D:/xampp1/htdocs/dicom/storescp/temp/DX.1.2.840.2007030509.20171205135303.4 从 ANY-SCP 到 DCMSEND

[IMPORT] 2017-12-09 8:24:10 - 创建文件夹：D:/xampp1/htdocs/dicom/storescp/../../dcm_store/2017-12-05/李维君

[IMPORT] 2017-12-09 8:24:10 - 保存文件到 D:\xampp1\htdocs\dcm_store\2017-12-05\李维君\李维君-DX.1.2.840.2007030509.20171205135303.4.dcm

[IMPORT] 2017-12-09 8:32:26 - 收到 D:/xampp1/htdocs/dicom/storescp/temp/CR.1.2.826.0.1.3680043.2.1074.90089.1.71.10001008.1 从 ANY-SCP 到 DCMSEND

[IMPORT] 2017-12-09 8:32:26 - 创建文件夹：D:/xampp1/htdocs/dicom/storescp/../../dcm_store/2011-03-10/Test^Test 

[IMPORT] 2017-12-09 8:32:26 - 保存文件到 

[IMPORT] 2017-12-09 8:43:24 - 收到 D:/xampp1/htdocs/dicom/storescp/temp/CR.1.2.826.0.1.3680043.2.1074.90089.1.71.10001008.1 从 ANY-SCP 到 DCMSEND

[IMPORT] 2017-12-09 8:43:24 - 创建文件夹：D:/xampp1/htdocs/dicom/storescp/../../dcm_store/2011-03-10/Test^Test

[IMPORT] 2017-12-09 8:43:24 - 文件拷贝成功

[IMPORT] 2017-12-09 8:43:24 - 保存文件到 D:\xampp1\htdocs\dcm_store\2011-03-10\Test^Test\Test^Test-CR.1.2.826.0.1.3680043.2.1074.90089.1.71.10001008.1.dcm
